{"/Users/ant/Documents/projects/questfeeds/backend/src/utils/createResponse.ts": {"path":"/Users/ant/Documents/projects/questfeeds/backend/src/utils/createResponse.ts","statementMap":{"0":{"start":{"line":1,"column":30},"end":{"line":11,"column":1}},"1":{"start":{"line":6,"column":2},"end":{"line":10,"column":4}},"2":{"start":{"line":1,"column":13},"end":{"line":1,"column":30}}},"fnMap":{"0":{"name":"(anonymous_0)","decl":{"start":{"line":1,"column":30},"end":{"line":1,"column":null}},"loc":{"start":{"line":5,"column":4},"end":{"line":11,"column":1}}}},"branchMap":{"0":{"loc":{"start":{"line":3,"column":2},"end":{"line":3,"column":18}},"type":"default-arg","locations":[{"start":{"line":3,"column":14},"end":{"line":3,"column":18}}]},"1":{"loc":{"start":{"line":4,"column":2},"end":{"line":4,"column":19}},"type":"default-arg","locations":[{"start":{"line":4,"column":15},"end":{"line":4,"column":19}}]},"2":{"loc":{"start":{"line":9,"column":11},"end":{"line":9,"column":34}},"type":"binary-expr","locations":[{"start":{"line":9,"column":11},"end":{"line":9,"column":25}},{"start":{"line":9,"column":29},"end":{"line":9,"column":34}}]}},"s":{"0":1,"1":3,"2":1},"f":{"0":3},"b":{"0":[1],"1":[2],"2":[3,3]}}
}
